<?xml version="1.0" encoding="UTF-8"?>
<!-- Generated by org.testng.reporters.JUnitReportReporter -->
<testsuite hostname="LAPTOP-TAU72GUO" failures="0" tests="1" name="Genral_program.Data_Driven_frameworkTest" time="0.016" errors="0" timestamp="2022-05-28T10:23:41 IST" skipped="0">
  <testcase classname="Genral_program.Data_Driven_frameworkTest" name="googleTitleTest" time="0.016"/>
  <system-out/>
</testsuite> <!-- Genral_program.Data_Driven_frameworkTest -->
