<?xml version="1.0" encoding="UTF-8"?>
<!-- Generated by org.testng.reporters.JUnitReportReporter -->
<testsuite hostname="LAPTOP-TAU72GUO" failures="0" tests="1" name="Assertion.Softassertion" time="0.049" errors="0" timestamp="2022-08-07T16:55:27 IST" skipped="0">
  <testcase classname="Assertion.Softassertion" name="f" time="0.049"/>
  <system-out/>
</testsuite> <!-- Assertion.Softassertion -->
