<?xml version="1.0" encoding="UTF-8"?>
<!-- Generated by org.testng.reporters.JUnitReportReporter -->
<testsuite hostname="LAPTOP-TAU72GUO" failures="0" tests="15" name="test_NG.Demo2" time="0.042" errors="0" timestamp="2022-08-07T15:22:32 IST" skipped="1">
  <testcase classname="test_NG.Demo2" name="ADemo2f" time="0.009"/>
  <system-out/>
  <testcase classname="test_NG.Demo2" name="EDemo2f" time="0.001"/>
  <system-out/>
  <testcase classname="test_NG.Demo2" name="BDemo2f" time="0.002"/>
  <system-out/>
  <testcase classname="test_NG.Demo2" name="CDemo2f" time="0.001"/>
  <system-out/>
  <testcase classname="test_NG.Demo2" name="DDemo2f" time="0.011"/>
  <system-out/>
  <testcase classname="test_NG.Demo2" name="DDemo2f" time="0.006"/>
  <system-out/>
  <testcase classname="test_NG.Demo2" name="DDemo2f" time="0.001"/>
  <system-out/>
  <testcase classname="test_NG.Demo2" name="DDemo2f" time="0.003"/>
  <system-out/>
  <testcase classname="test_NG.Demo2" name="DDemo2f" time="0.001"/>
  <system-out/>
  <testcase classname="test_NG.Demo2" name="DDemo2f" time="0.001"/>
  <system-out/>
  <testcase classname="test_NG.Demo2" name="DDemo2f" time="0.001"/>
  <system-out/>
  <testcase classname="test_NG.Demo2" name="DDemo2f" time="0.002"/>
  <system-out/>
  <testcase classname="test_NG.Demo2" name="DDemo2f" time="0.003"/>
  <system-out/>
  <testcase classname="test_NG.Demo2" name="DDemo2f" time="0.000"/>
  <system-out/>
  <testcase classname="test_NG.Demo2" name="FDemo2f">
    <skipped/>
  </testcase> <!-- FDemo2f -->
  <system-out/>
</testsuite> <!-- test_NG.Demo2 -->
