<?xml version="1.0" encoding="UTF-8"?>
<!-- Generated by org.testng.reporters.JUnitReportReporter -->
<testsuite hostname="LAPTOP-TAU72GUO" failures="0" tests="1" name="Assertion.HardAssert" time="0.036" errors="0" timestamp="2022-08-07T18:13:42 IST" skipped="0">
  <testcase classname="Assertion.HardAssert" name="f" time="0.036"/>
  <system-out/>
</testsuite> <!-- Assertion.HardAssert -->
