<?xml version="1.0" encoding="UTF-8"?>
<!-- Generated by org.testng.reporters.JUnitReportReporter -->
<testsuite hostname="LAPTOP-TAU72GUO" failures="0" tests="4" name="todayAugust.NewTest" time="0.036" errors="0" timestamp="2022-08-01T21:42:49 IST" skipped="0">
  <testcase classname="todayAugust.NewTest" name="f" time="0.011"/>
  <system-out/>
  <testcase classname="todayAugust.NewTest" name="f1" time="0.005"/>
  <system-out/>
  <testcase classname="todayAugust.NewTest" name="f2" time="0.015"/>
  <system-out/>
  <testcase classname="todayAugust.NewTest" name="f3" time="0.005"/>
  <system-out/>
</testsuite> <!-- todayAugust.NewTest -->
